<?xml version="1.0" encoding="UTF-8"?>
<!-- Generated by org.testng.reporters.JUnitReportReporter -->
<testsuite skipped="0" hostname="HP" name="SeleniumAutomation.MavenJava.AppiumTest" tests="2" failures="0" timestamp="2021-05-25T06:41:25 IST" time="0.011" errors="0">
  <testcase name="deviceStimulation" time="0.010" classname="SeleniumAutomation.MavenJava.AppiumTest"/>
  <system-out/>
  <testcase name="mobileElements" time="0.001" classname="SeleniumAutomation.MavenJava.AppiumTest"/>
  <system-out/>
</testsuite> <!-- SeleniumAutomation.MavenJava.AppiumTest -->
