<?xml version="1.0" encoding="UTF-8"?>
<!-- Generated by org.testng.reporters.JUnitReportReporter -->
<testsuite skipped="0" hostname="HP" name="SeleniumAutomation.MavenJava.SeleniumTest" tests="2" failures="0" timestamp="2021-05-25T06:41:25 IST" time="0.000" errors="0">
  <testcase name="browserAutomation" time="0.000" classname="SeleniumAutomation.MavenJava.SeleniumTest"/>
  <system-out/>
  <testcase name="uiElements" time="0.000" classname="SeleniumAutomation.MavenJava.SeleniumTest"/>
  <system-out/>
</testsuite> <!-- SeleniumAutomation.MavenJava.SeleniumTest -->
