<?xml version="1.0" encoding="UTF-8"?>
<!-- Generated by org.testng.reporters.JUnitReportReporter -->
<testsuite skipped="0" hostname="HP" name="SeleniumAutomation.MavenJava.RestAPITest" tests="2" failures="0" timestamp="2021-05-25T06:41:25 IST" time="0.002" errors="0">
  <testcase name="errorCode" time="0.001" classname="SeleniumAutomation.MavenJava.RestAPITest"/>
  <system-out/>
  <testcase name="postJira" time="0.001" classname="SeleniumAutomation.MavenJava.RestAPITest"/>
  <system-out/>
</testsuite> <!-- SeleniumAutomation.MavenJava.RestAPITest -->
